[debug] [2020-12-22T19:53:38.439Z] ----------------------------------------------------------------------
[debug] [2020-12-22T19:53:38.441Z] Command:       /usr/local/bin/node /usr/local/bin/firebase deploy
[debug] [2020-12-22T19:53:38.441Z] CLI Version:   8.5.0
[debug] [2020-12-22T19:53:38.441Z] Platform:      linux
[debug] [2020-12-22T19:53:38.441Z] Node Version:  v12.18.1
[debug] [2020-12-22T19:53:38.442Z] Time:          Wed Dec 23 2020 01:23:38 GMT+0530 (India Standard Time)
[debug] [2020-12-22T19:53:38.442Z] ----------------------------------------------------------------------
[debug] [2020-12-22T19:53:38.442Z] 
[debug] [2020-12-22T19:53:38.447Z] > command requires scopes: ["email","openid","https://www.googleapis.com/auth/cloudplatformprojects.readonly","https://www.googleapis.com/auth/firebase","https://www.googleapis.com/auth/cloud-platform"]
[debug] [2020-12-22T19:53:38.448Z] > authorizing via signed-in user
[debug] [2020-12-22T19:53:38.448Z] [iam] checking project elad-training for permissions ["firebase.projects.get","firebasedatabase.instances.update"]
[debug] [2020-12-22T19:53:38.450Z] >>> HTTP REQUEST POST https://cloudresourcemanager.googleapis.com/v1/projects/elad-training:testIamPermissions  
 {"permissions":["firebase.projects.get","firebasedatabase.instances.update"]}
[debug] [2020-12-22T19:53:40.153Z] <<< HTTP RESPONSE 200 {"content-type":"application/json; charset=UTF-8","vary":"X-Origin, Referer, Origin,Accept-Encoding","date":"Tue, 22 Dec 2020 19:53:38 GMT","server":"ESF","cache-control":"private","x-xss-protection":"0","x-frame-options":"SAMEORIGIN","x-content-type-options":"nosniff","server-timing":"gfet4t7; dur=1350","alt-svc":"h3-29=\":443\"; ma=2592000,h3-T051=\":443\"; ma=2592000,h3-Q050=\":443\"; ma=2592000,h3-Q046=\":443\"; ma=2592000,h3-Q043=\":443\"; ma=2592000,quic=\":443\"; ma=2592000; v=\"46,43\"","accept-ranges":"none","transfer-encoding":"chunked"}
[debug] [2020-12-22T19:53:40.156Z] >>> HTTP REQUEST GET https://firebase.googleapis.com/v1beta1/projects/elad-training  
 
[debug] [2020-12-22T19:54:10.173Z] Server Error. ETIMEDOUT
[debug] [2020-12-22T19:54:42.721Z] FirebaseError: Server Error. ETIMEDOUT
    at Request._callback (/usr/local/lib/node_modules/firebase-tools/lib/api.js:32:31)
    at self.callback (/usr/local/lib/node_modules/firebase-tools/node_modules/request/request.js:185:22)
    at Request.emit (events.js:315:20)
    at Request.EventEmitter.emit (domain.js:482:12)
    at Timeout.<anonymous> (/usr/local/lib/node_modules/firebase-tools/node_modules/request/request.js:851:16)
    at listOnTimeout (internal/timers.js:549:17)
    at processTimers (internal/timers.js:492:7)
[error] 
[error] Error: Failed to get Firebase project elad-training. Please make sure the project exists and your account has permission to access it.
